[GIN-debug] [WARNING] Creating an Engine instance with the Logger and Recovery middleware already attached.

[GIN-debug] [WARNING] Running in "debug" mode. Switch to "release" mode in production.
 - using env:	export GIN_MODE=release
 - using code:	gin.SetMode(gin.ReleaseMode)

[GIN-debug] GET    /static                   --> github.com/gin-gonic/gin.(*RouterGroup).StaticFile.func1 (3 handlers)
[GIN-debug] [WARNING] Creating an Engine instance with the Logger and Recovery middleware already attached.

[GIN-debug] HEAD   /static                   --> github.com/gin-gonic/gin.(*RouterGroup).StaticFile.func1 (3 handlers)
[GIN-debug] [WARNING] Running in "debug" mode. Switch to "release" mode in production.
 - using env:	export GIN_MODE=release
 - using code:	gin.SetMode(gin.ReleaseMode)

[GIN-debug] POST   /v1/cover/register        --> github.com/qiniu/goc/pkg/cover.(*server).registerService-fm (3 handlers)
[GIN-debug] GET    /v1/cover/profile         --> github.com/qiniu/goc/pkg/cover.(*server).profile-fm (3 handlers)
[GIN-debug] POST   /v1/cover/profile         --> github.com/qiniu/goc/pkg/cover.(*server).profile-fm (3 handlers)
[GIN-debug] POST   /v1/cover/register        --> github.com/qiniu/goc/pkg/wrapper.(*Wrapper).proxyToGocServer-fm (3 handlers)
[GIN-debug] POST   /v1/cover/clear           --> github.com/qiniu/goc/pkg/cover.(*server).clear-fm (3 handlers)
[GIN-debug] GET    /v1/cover/profile         --> github.com/qiniu/goc/pkg/wrapper.(*Wrapper).Route.func1 (3 handlers)
[GIN-debug] POST   /v1/cover/init            --> github.com/qiniu/goc/pkg/cover.(*server).initSystem-fm (3 handlers)
[GIN-debug] GET    /v1/cover/list            --> github.com/qiniu/goc/pkg/cover.(*server).listServices-fm (3 handlers)
[GIN-debug] POST   /v1/cover/profile         --> github.com/qiniu/goc/pkg/wrapper.(*Wrapper).Route.func2 (3 handlers)
[GIN-debug] POST   /v1/cover/clear           --> github.com/qiniu/goc/pkg/wrapper.(*Wrapper).proxyToGocServer-fm (3 handlers)
[GIN-debug] POST   /v1/cover/remove          --> github.com/qiniu/goc/pkg/cover.(*server).removeServices-fm (3 handlers)
[GIN-debug] POST   /v1/cover/init            --> github.com/qiniu/goc/pkg/wrapper.(*Wrapper).proxyToGocServer-fm (3 handlers)
[GIN-debug] GET    /v1/cover/list            --> github.com/qiniu/goc/pkg/wrapper.(*Wrapper).proxyToGocServer-fm (3 handlers)
[GIN-debug] Listening and serving HTTP on listener what's bind with address@[::]:61995
[GIN-debug] POST   /v1/cover/remove          --> github.com/qiniu/goc/pkg/wrapper.(*Wrapper).proxyToGocServer-fm (3 handlers)
[GIN-debug] [WARNING] You trusted all proxies, this is NOT safe. We recommend you to set a value.
Please check https://pkg.go.dev/github.com/gin-gonic/gin#readme-don-t-trust-all-proxies for details.
[GIN-debug] [WARNING] You trusted all proxies, this is NOT safe. We recommend you to set a value.
Please check https://pkg.go.dev/github.com/gin-gonic/gin#readme-don-t-trust-all-proxies for details.
[GIN-debug] Listening and serving HTTP on :7777
[GIN] 2025/12/27 - 22:19:55 | 200 |      224.56µs |       127.0.0.1 | POST     "/v1/cover/register?name=admin&address=http://198.19.249.3:58575"
[GIN] 2025/12/27 - 22:19:55 | 200 |    6.859217ms |       127.0.0.1 | POST     "/v1/cover/register?name=admin&address=http://198.19.249.3:58575"
[GIN-debug] [WARNING] Creating an Engine instance with the Logger and Recovery middleware already attached.

[GIN-debug] [WARNING] Running in "debug" mode. Switch to "release" mode in production.
 - using env:	export GIN_MODE=release
 - using code:	gin.SetMode(gin.ReleaseMode)

[GIN-debug] GET    /static                   --> github.com/gin-gonic/gin.(*RouterGroup).StaticFile.func1 (3 handlers)
[GIN-debug] HEAD   /static                   --> github.com/gin-gonic/gin.(*RouterGroup).StaticFile.func1 (3 handlers)
[GIN-debug] POST   /v1/cover/register        --> github.com/qiniu/goc/pkg/cover.(*server).registerService-fm (3 handlers)
[GIN-debug] GET    /v1/cover/profile         --> github.com/qiniu/goc/pkg/cover.(*server).profile-fm (3 handlers)
[GIN-debug] POST   /v1/cover/profile         --> github.com/qiniu/goc/pkg/cover.(*server).profile-fm (3 handlers)
[GIN-debug] POST   /v1/cover/clear           --> github.com/qiniu/goc/pkg/cover.(*server).clear-fm (3 handlers)
[GIN-debug] [WARNING] Creating an Engine instance with the Logger and Recovery middleware already attached.

[GIN-debug] [WARNING] Running in "debug" mode. Switch to "release" mode in production.
 - using env:	export GIN_MODE=release
 - using code:	gin.SetMode(gin.ReleaseMode)

[GIN-debug] POST   /v1/cover/init            --> github.com/qiniu/goc/pkg/cover.(*server).initSystem-fm (3 handlers)
[GIN-debug] GET    /v1/cover/list            --> github.com/qiniu/goc/pkg/cover.(*server).listServices-fm (3 handlers)
[GIN-debug] POST   /v1/cover/remove          --> github.com/qiniu/goc/pkg/cover.(*server).removeServices-fm (3 handlers)
[GIN-debug] POST   /v1/cover/register        --> github.com/qiniu/goc/pkg/wrapper.(*Wrapper).proxyToGocServer-fm (3 handlers)
[GIN-debug] Listening and serving HTTP on listener what's bind with address@[::]:65187
[GIN-debug] GET    /v1/cover/profile         --> github.com/qiniu/goc/pkg/wrapper.(*Wrapper).Route.func1 (3 handlers)
[GIN-debug] POST   /v1/cover/profile         --> github.com/qiniu/goc/pkg/wrapper.(*Wrapper).Route.func2 (3 handlers)
[GIN-debug] [WARNING] You trusted all proxies, this is NOT safe. We recommend you to set a value.
Please check https://pkg.go.dev/github.com/gin-gonic/gin#readme-don-t-trust-all-proxies for details.
[GIN-debug] POST   /v1/cover/clear           --> github.com/qiniu/goc/pkg/wrapper.(*Wrapper).proxyToGocServer-fm (3 handlers)
[GIN-debug] POST   /v1/cover/init            --> github.com/qiniu/goc/pkg/wrapper.(*Wrapper).proxyToGocServer-fm (3 handlers)
[GIN-debug] GET    /v1/cover/list            --> github.com/qiniu/goc/pkg/wrapper.(*Wrapper).proxyToGocServer-fm (3 handlers)
[GIN-debug] POST   /v1/cover/remove          --> github.com/qiniu/goc/pkg/wrapper.(*Wrapper).proxyToGocServer-fm (3 handlers)
[GIN-debug] [WARNING] You trusted all proxies, this is NOT safe. We recommend you to set a value.
Please check https://pkg.go.dev/github.com/gin-gonic/gin#readme-don-t-trust-all-proxies for details.
[GIN-debug] Listening and serving HTTP on :7777
dsn agile:agile@tcp(127.0.0.1:6666)/tuna?charset=utf8mb4&parseTime=True&loc=Local
2025/12/29 10:35:55 Admin server starting on port 8813
[GIN] 2025/12/29 - 10:36:24 | 200 |  120.209999ms |             ::1 | GET      "/admin/users"
dsn agile:agile@tcp(127.0.0.1:6666)/tuna?charset=utf8mb4&parseTime=True&loc=Local
2025/12/29 10:38:26 Admin server starting on port 8813
dsn agile:agile@tcp(127.0.0.1:6666)/tuna?charset=utf8mb4&parseTime=True&loc=Local
2025/12/29 10:43:39 Admin server starting on port 8813
[GIN] 2025/12/29 - 10:45:24 | 200 |  110.184623ms |             ::1 | GET      "/admin/users"
dsn agile:agile@tcp(127.0.0.1:6666)/tuna?charset=utf8mb4&parseTime=True&loc=Local
2025/12/29 10:46:01 Admin server starting on port 8813
[GIN] 2025/12/29 - 10:46:15 | 200 |   20.009291ms |             ::1 | GET      "/admin/users"
[GIN] 2025/12/29 - 11:03:58 | 204 |    2.593665ms |             ::1 | OPTIONS  "/admin/users/4/status"
[GIN] 2025/12/29 - 11:03:58 | 200 |   78.621359ms |             ::1 | PUT      "/admin/users/4/status"
[GIN] 2025/12/29 - 11:03:58 | 200 |   12.302487ms |             ::1 | GET      "/admin/users"
dsn agile:agile@tcp(127.0.0.1:6666)/tuna?charset=utf8mb4&parseTime=True&loc=Local
2025/12/29 11:46:30 Admin server starting on port 8813
dsn agile:agile@tcp(127.0.0.1:6666)/tuna?charset=utf8mb4&parseTime=True&loc=Local
2025/12/29 11:47:41 Admin server starting on port 8813
[GIN] 2025/12/29 - 11:48:10 | 200 |  173.409903ms |             ::1 | GET      "/admin/users"
[GIN] 2025/12/29 - 11:48:26 | 204 |      15.381µs |             ::1 | OPTIONS  "/admin/users/2/status"
[GIN] 2025/12/29 - 11:48:26 | 200 |   23.340197ms |             ::1 | PUT      "/admin/users/2/status"
[GIN] 2025/12/29 - 11:48:26 | 200 |    2.367094ms |             ::1 | GET      "/admin/users"
dsn agile:agile@tcp(127.0.0.1:6666)/tuna?charset=utf8mb4&parseTime=True&loc=Local
2025/12/29 11:54:08 Admin server starting on port 8813
dsn agile:agile@tcp(127.0.0.1:6666)/tuna?charset=utf8mb4&parseTime=True&loc=Local
2025/12/29 12:09:41 Admin server starting on port 8813
dsn agile:agile@tcp(127.0.0.1:6666)/tuna?charset=utf8mb4&parseTime=True&loc=Local
2025/12/29 12:16:06 Admin server starting on port 8813
[GIN] 2025/12/29 - 14:39:54 | 200 |   31.324904ms |             ::1 | GET      "/admin/users"
[GIN] 2025/12/29 - 14:39:58 | 200 |    2.149342ms |             ::1 | GET      "/admin/users"
[GIN] 2025/12/29 - 15:59:34 | 200 |   85.921722ms |             ::1 | GET      "/admin/users"
[GIN] 2025/12/29 - 16:06:37 | 200 |   23.470085ms |             ::1 | GET      "/admin/users"
[GIN] 2025/12/29 - 16:06:38 | 200 |    1.817219ms |             ::1 | GET      "/admin/users"
