dsn agile:agile@tcp(127.0.0.1:6666)/tuna?charset=utf8mb4&parseTime=True&loc=Local
[GIN-debug] [WARNING] Creating an Engine instance with the Logger and Recovery middleware already attached.

[GIN-debug] [WARNING] Running in "debug" mode. Switch to "release" mode in production.
 - using env:	export GIN_MODE=release
 - using code:	gin.SetMode(gin.ReleaseMode)

[GIN-debug] POST   /api/submit               --> tuna/api.submitUserInfo (4 handlers)
[GIN-debug] GET    /api/health               --> tuna/api.healthCheck (4 handlers)
[GIN-debug] [WARNING] Creating an Engine instance with the Logger and Recovery middleware already attached.

[GIN-debug] [WARNING] Running in "debug" mode. Switch to "release" mode in production.
 - using env:	export GIN_MODE=release
 - using code:	gin.SetMode(gin.ReleaseMode)

[GIN-debug] GET    /admin/users              --> tuna/admin.getUsers (4 handlers)
[GIN-debug] PUT    /admin/users/:id/status   --> tuna/admin.updateUserStatus (4 handlers)
[GIN-debug] GET    /admin/health             --> tuna/admin.healthCheck (4 handlers)
2025/12/25 18:16:23 API server starting on port 8812
2025/12/25 18:16:23 Admin server starting on port 8813
[GIN] 2025/12/25 - 18:16:56 | 204 |      21.247µs |             ::1 | OPTIONS  "/api/submit"
[GIN] 2025/12/25 - 18:16:57 | 200 |   51.727933ms |             ::1 | POST     "/api/submit"
[GIN] 2025/12/25 - 18:17:58 | 200 |  172.030414ms |             ::1 | GET      "/admin/users"
[GIN] 2025/12/25 - 18:18:01 | 204 |      15.534µs |             ::1 | OPTIONS  "/admin/users/2/status"
[GIN] 2025/12/25 - 18:18:01 | 200 |   19.034972ms |             ::1 | PUT      "/admin/users/2/status"
[GIN] 2025/12/25 - 18:18:01 | 200 |    3.252464ms |             ::1 | GET      "/admin/users"
